<?xml version="1.0" encoding="UTF-8"?>
<!-- Generated by org.testng.reporters.JUnitXMLReporter -->
<testsuite hostname="USBLRPRIYSARAN6" ignored="2" name="Test" tests="1" failures="0" timestamp="13 Aug 2019 06:01:53 GMT" time="16.545" errors="0">
  <testcase name="browserCommands" time="16.483" classname="Selenium.Test1"/>
  <testcase name="selectOperations" time="0.0" classname="Selenium.Test3">
    <ignored/>
  </testcase> <!-- selectOperations -->
  <testcase name="commonWebElementCommands" time="0.0" classname="Selenium.Test2">
    <ignored/>
  </testcase> <!-- commonWebElementCommands -->
</testsuite> <!-- Test -->
